p/1607000718114.jpg 1 0 0 161 161
p/1607000711758.jpg 1 0 0 155 155
p/1607000617150.jpg 1 0 0 82 82
p/1606999098460.jpg 1 0 0 171 124
p/1606999086148.jpg 1 0 0 137 141
p/1606999078403.jpg 1 0 0 173 101
p/1606999074387.jpg 1 0 0 175 120
p/1606999066145.jpg 1 0 0 130 107
p/1606999062610.jpg 1 0 0 161 156
p/1606999057393.jpg 1 0 0 136 143
p/1606999049545.jpg 1 0 0 176 100
p/1606999045175.jpg 1 0 0 63 180
p/1606999041115.jpg 1 0 0 74 162
p/1606999036553.jpg 1 0 0 108 174
p/1606999031741.jpg 1 0 0 152 151
p/1606999027050.jpg 1 0 0 166 108
p/1606999021782.jpg 1 0 0 151 112
p/1606999015571.jpg 1 0 0 128 129
p/1606999009551.jpg 1 0 0 100 116
p/1606999005533.jpg 1 0 0 81 107
p/1606999001216.jpg 1 0 0 72 150
p/1606998994599.jpg 1 0 0 48 176
p/1606998987263.jpg 1 0 0 75 175
p/1606998980597.jpg 1 0 0 98 188
p/1606998973295.jpg 1 0 0 146 180
p/1606998958411.jpg 1 0 0 168 143
p/1606998951385.jpg 1 0 0 204 115
p/1606998947958.jpg 1 0 0 136 147
p/1606998944614.jpg 1 0 0 99 169
p/1606998940299.jpg 1 0 0 170 122
p/1606998935245.jpg 1 0 0 138 107
p/1606998927219.jpg 1 0 0 163 96
p/1606998921997.jpg 1 0 0 118 173